#
# There is insufficient memory for the Java Runtime Environment to continue.
# Native memory allocation (malloc) failed to allocate 37072 bytes for Chunk::new
# Possible reasons:
#   The system is out of physical RAM or swap space
#   The process is running with CompressedOops enabled, and the Java Heap may be blocking the growth of the native heap
# Possible solutions:
#   Reduce memory load on the system
#   Increase physical memory or swap space
#   Check if swap backing store is full
#   Decrease Java heap size (-Xmx/-Xms)
#   Decrease number of Java threads
#   Decrease Java thread stack sizes (-Xss)
#   Set larger code cache with -XX:ReservedCodeCacheSize=
#   JVM is running with Unscaled Compressed Oops mode in which the Java heap is
#     placed in the first 4GB address space. The Java Heap base address is the
#     maximum limit for the native heap growth. Please use -XX:HeapBaseMinAddress
#     to set the Java Heap base and to place the Java Heap above 4GB virtual address.
# This output file may be truncated or incomplete.
#
#  Out of Memory Error (allocation.cpp:389), pid=9188, tid=0x0000000000003710
#
# JRE version: OpenJDK Runtime Environment (8.0_242-b01) (build 1.8.0_242-release-1644-b01)
# Java VM: OpenJDK 64-Bit Server VM (25.242-b01 mixed mode windows-amd64 compressed oops)
# Failed to write core dump. Minidumps are not enabled by default on client versions of Windows
#

---------------  T H R E A D  ---------------

Current thread (0x0000000018582000):  JavaThread "C2 CompilerThread0" daemon [_thread_in_native, id=14096, stack(0x0000000018e70000,0x0000000018f70000)]

Stack: [0x0000000018e70000,0x0000000018f70000]
[error occurred during error reporting (printing stack bounds), id 0xc0000005]

Native frames: (J=compiled Java code, j=interpreted, Vv=VM code, C=native code)


Current CompileTask:
C2: 775909 14423       4       groovy.lang.MetaClassImpl$1MOPIter::methodNameAction (325 bytes)


---------------  P R O C E S S  ---------------

Java Threads: ( => current thread )
  0x000000001a334000 JavaThread "Cache worker for cache directory md-rule (C:\Users\dahy9\.gradle\caches\5.6.4\md-rule)" [_thread_blocked, id=17264, stack(0x0000000021110000,0x0000000021210000)]
  0x000000001a339800 JavaThread "Cache worker for cache directory md-supplier (C:\Users\dahy9\.gradle\caches\5.6.4\md-supplier)" [_thread_blocked, id=11076, stack(0x000000001f960000,0x000000001fa60000)]
  0x000000001a338800 JavaThread "Cache worker for file hash cache (G:\android\batrakhanovdkh_hw10\.gradle\5.6.4\fileHashes)" [_thread_blocked, id=12400, stack(0x000000001f660000,0x000000001f760000)]
  0x000000001a337000 JavaThread "Thread-80" [_thread_blocked, id=11992, stack(0x000000001cec0000,0x000000001cfc0000)]
  0x000000001a336800 JavaThread "Stdin handler" [_thread_blocked, id=18484, stack(0x000000001cdc0000,0x000000001cec0000)]
  0x000000001a332800 JavaThread "Asynchronous log dispatcher for DefaultDaemonConnection: socket connection from /127.0.0.1:59827 to /127.0.0.1:60499" [_thread_blocked, id=8448, stack(0x000000001cbc0000,0x000000001ccc0000)]
  0x000000001a331000 JavaThread "Daemon worker Thread 3" [_thread_in_native, id=19800, stack(0x000000001cac0000,0x000000001cbc0000)]
  0x000000001a330800 JavaThread "Cancel handler" [_thread_blocked, id=2440, stack(0x000000001c9c0000,0x000000001cac0000)]
  0x000000001a335800 JavaThread "Handler for socket connection from /127.0.0.1:59827 to /127.0.0.1:60499" [_thread_in_native, id=16268, stack(0x000000001c6c0000,0x000000001c7c0000)]
  0x000000001a32f800 JavaThread "Daemon Thread 3" [_thread_blocked, id=18252, stack(0x000000001c5c0000,0x000000001c6c0000)]
  0x000000001b55f800 JavaThread "Cache worker for file content cache (C:\Users\dahy9\.gradle\caches\5.6.4\fileContent)" [_thread_blocked, id=19808, stack(0x0000000025af0000,0x0000000025bf0000)]
  0x000000001b558000 JavaThread "Memory manager" [_thread_blocked, id=7820, stack(0x00000000259f0000,0x0000000025af0000)]
  0x000000001b55a000 JavaThread "Cache worker for execution history cache (C:\Users\dahy9\.gradle\caches\5.6.4\executionHistory)" [_thread_blocked, id=12876, stack(0x00000000225a0000,0x00000000226a0000)]
  0x000000001a0a8000 JavaThread "Cache worker for journal cache (C:\Users\dahy9\.gradle\caches\journal-1)" [_thread_blocked, id=3532, stack(0x000000001d3c0000,0x000000001d4c0000)]
  0x000000001a0a4800 JavaThread "File lock request listener" [_thread_in_native, id=14320, stack(0x000000001d2c0000,0x000000001d3c0000)]
  0x000000001a0a7800 JavaThread "Cache worker for file hash cache (C:\Users\dahy9\.gradle\caches\5.6.4\fileHashes)" [_thread_blocked, id=13396, stack(0x000000001d1c0000,0x000000001d2c0000)]
  0x000000001afad000 JavaThread "Daemon periodic checks" [_thread_blocked, id=3252, stack(0x000000001c4c0000,0x000000001c5c0000)]
  0x000000001afac000 JavaThread "Incoming local TCP Connector on port 59827" [_thread_in_native, id=14164, stack(0x000000001c270000,0x000000001c370000)]
  0x00000000195ec800 JavaThread "Daemon health stats" [_thread_blocked, id=16324, stack(0x000000001bc10000,0x000000001bd10000)]
  0x000000001861a800 JavaThread "Service Thread" daemon [_thread_blocked, id=15248, stack(0x0000000019270000,0x0000000019370000)]
  0x0000000018598800 JavaThread "C1 CompilerThread3" daemon [_thread_in_native, id=15496, stack(0x0000000019170000,0x0000000019270000)]
  0x000000001858f800 JavaThread "C2 CompilerThread2" daemon [_thread_in_native, id=20148, stack(0x0000000019070000,0x0000000019170000)]
  0x000000001858e000 JavaThread "C2 CompilerThread1" daemon [_thread_in_native, id=12832, stack(0x0000000018f70000,0x0000000019070000)]
=>0x0000000018582000 JavaThread "C2 CompilerThread0" daemon [_thread_in_native, id=14096, stack(0x0000000018e70000,0x0000000018f70000)]
  0x0000000018581000 JavaThread "Attach Listener" daemon [_thread_blocked, id=18168, stack(0x0000000018d70000,0x0000000018e70000)]
  0x0000000018580000 JavaThread "Signal Dispatcher" daemon [_thread_blocked, id=9944, stack(0x0000000018c70000,0x0000000018d70000)]
  0x000000000296e000 JavaThread "Finalizer" daemon [_thread_blocked, id=8664, stack(0x0000000018a50000,0x0000000018b50000)]
  0x0000000018570800 JavaThread "Reference Handler" daemon [_thread_blocked, id=13340, stack(0x0000000018950000,0x0000000018a50000)]
  0x0000000002872800 JavaThread "main" [_thread_blocked, id=16956, stack(0x0000000002750000,0x0000000002850000)]

Other Threads:
  0x0000000016756800 VMThread [stack: 0x0000000018450000,0x0000000018550000] [id=1964]
  0x000000001861b800 WatcherThread [stack: 0x0000000019370000,0x0000000019470000] [id=9360]

VM state:not at safepoint (normal execution)

VM Mutex/Monitor currently owned by a thread:  ([mutex/lock_event])
[0x0000000000b9c7b0] CodeCache_lock - owner thread: 0x0000000018598800
[0x0000000002871550] Compile_lock - owner thread: 0x0000000018598800

heap address: 0x00000000a0000000, size: 1536 MB, Compressed Oops mode: 32-bit
Narrow klass base: 0x0000000000000000, Narrow klass shift: 3
Compressed class space size: 1073741824 Address: 0x0000000100000000

Heap:
 PSYoungGen      total 243200K, used 147952K [0x00000000e0000000, 0x00000000f4a80000, 0x0000000100000000)
  eden space 206848K, 53% used [0x00000000e0000000,0x00000000e6cfc588,0x00000000eca00000)
  from space 36352K, 99% used [0x00000000efd80000,0x00000000f20ffa78,0x00000000f2100000)
  to   space 52736K, 0% used [0x00000000eca00000,0x00000000eca00000,0x00000000efd80000)
 ParOldGen       total 137216K, used 80854K [0x00000000a0000000, 0x00000000a8600000, 0x00000000e0000000)
  object space 137216K, 58% used [0x00000000a0000000,0x00000000a4ef5b40,0x00000000a8600000)
 Metaspace       used 88562K, capacity 94732K, committed 94848K, reserved 1130496K
  class space    used 12116K, capacity 13413K, committed 13440K, reserved 1048576K

Card table byte_map: [0x0000000011d40000,0x0000000012050000] byte_map_base: 0x0000000011840000

Marking Bits: (ParMarkBitMap*) 0x000000005f31f030
 Begin Bits: [0x0000000012a50000, 0x0000000014250000)
 End Bits:   [0x0000000014250000, 0x0000000015a50000)

Polling page: 0x0000000000ba0000

CodeCache: size=245760Kb used=37084Kb max_used=37084Kb free=208675Kb
 bounds [0x0000000002980000, 0x0000000004df0000, 0x0000000011980000]
 total_blobs=13000 nmethods=12134 adapters=776
 compilation: enabled

Compilation events (10 events):
Event: 775.899 Thread 0x0000000018598800 nmethod 14472 0x000000000497dc50 code [0x000000000497ddc0, 0x000000000497e068]
Event: 775.899 Thread 0x0000000018598800 14473       3       org.gradle.api.internal.artifacts.ivyservice.resolveengine.graph.builder.ResolveState::lambda$getModule$0 (37 bytes)
Event: 775.900 Thread 0x0000000018598800 nmethod 14473 0x000000000497d7d0 code [0x000000000497d940, 0x000000000497db68]
Event: 775.900 Thread 0x0000000018598800 14474       3       org.gradle.api.internal.artifacts.ivyservice.resolveengine.graph.builder.ModuleResolveState::<init> (102 bytes)
Event: 775.902 Thread 0x0000000018598800 nmethod 14474 0x0000000004dd7e90 code [0x0000000004dd8100, 0x0000000004dd9088]
Event: 775.902 Thread 0x0000000018598800 14477       3       org.gradle.internal.component.external.model.AbstractLazyModuleComponentResolveMetadata::buildVariantsForGraphTraversal (90 bytes)
Event: 775.904 Thread 0x0000000018598800 nmethod 14477 0x0000000004dd9dd0 code [0x0000000004dda0c0, 0x0000000004ddb728]
Event: 775.904 Thread 0x0000000018598800 14475       3       org.gradle.api.internal.artifacts.ivyservice.resolveengine.graph.builder.ModuleSelectors::<init> (12 bytes)
Event: 775.904 Thread 0x0000000018598800 nmethod 14475 0x0000000004916e10 code [0x0000000004916fa0, 0x00000000049173b0]
Event: 775.904 Thread 0x0000000018598800 14484       3       org.gradle.api.internal.artifacts.ivyservice.ivyresolve.RepositoryChainComponentMetaDataResolver::resolveModule (277 bytes)

GC Heap History (10 events):
Event: 8.669 GC heap before
{Heap before GC invocations=15 (full 3):
 PSYoungGen      total 190976K, used 3394K [0x00000000e0000000, 0x00000000ed800000, 0x0000000100000000)
  eden space 172032K, 0% used [0x00000000e0000000,0x00000000e0000000,0x00000000ea800000)
  from space 18944K, 17% used [0x00000000eba80000,0x00000000ebdd08a0,0x00000000ecd00000)
  to   space 18944K, 0% used [0x00000000ea800000,0x00000000ea800000,0x00000000eba80000)
 ParOldGen       total 90624K, used 32200K [0x00000000a0000000, 0x00000000a5880000, 0x00000000e0000000)
  object space 90624K, 35% used [0x00000000a0000000,0x00000000a1f720e8,0x00000000a5880000)
 Metaspace       used 57308K, capacity 59040K, committed 59096K, reserved 1099776K
  class space    used 7851K, capacity 8265K, committed 8320K, reserved 1048576K
Event: 8.951 GC heap after
Heap after GC invocations=15 (full 3):
 PSYoungGen      total 190976K, used 0K [0x00000000e0000000, 0x00000000ed800000, 0x0000000100000000)
  eden space 172032K, 0% used [0x00000000e0000000,0x00000000e0000000,0x00000000ea800000)
  from space 18944K, 0% used [0x00000000eba80000,0x00000000eba80000,0x00000000ecd00000)
  to   space 18944K, 0% used [0x00000000ea800000,0x00000000ea800000,0x00000000eba80000)
 ParOldGen       total 137216K, used 30362K [0x00000000a0000000, 0x00000000a8600000, 0x00000000e0000000)
  object space 137216K, 22% used [0x00000000a0000000,0x00000000a1da6be0,0x00000000a8600000)
 Metaspace       used 57308K, capacity 59040K, committed 59096K, reserved 1099776K
  class space    used 7851K, capacity 8265K, committed 8320K, reserved 1048576K
}
Event: 10.550 GC heap before
{Heap before GC invocations=16 (full 3):
 PSYoungGen      total 190976K, used 172032K [0x00000000e0000000, 0x00000000ed800000, 0x0000000100000000)
  eden space 172032K, 100% used [0x00000000e0000000,0x00000000ea800000,0x00000000ea800000)
  from space 18944K, 0% used [0x00000000eba80000,0x00000000eba80000,0x00000000ecd00000)
  to   space 18944K, 0% used [0x00000000ea800000,0x00000000ea800000,0x00000000eba80000)
 ParOldGen       total 137216K, used 30362K [0x00000000a0000000, 0x00000000a8600000, 0x00000000e0000000)
  object space 137216K, 22% used [0x00000000a0000000,0x00000000a1da6be0,0x00000000a8600000)
 Metaspace       used 64311K, capacity 67084K, committed 67328K, reserved 1107968K
  class space    used 8850K, capacity 9415K, committed 9472K, reserved 1048576K
Event: 10.566 GC heap after
Heap after GC invocations=16 (full 3):
 PSYoungGen      total 190976K, used 16636K [0x00000000e0000000, 0x00000000eee80000, 0x0000000100000000)
  eden space 172032K, 0% used [0x00000000e0000000,0x00000000e0000000,0x00000000ea800000)
  from space 18944K, 87% used [0x00000000ea800000,0x00000000eb83f278,0x00000000eba80000)
  to   space 20992K, 0% used [0x00000000eda00000,0x00000000eda00000,0x00000000eee80000)
 ParOldGen       total 137216K, used 30370K [0x00000000a0000000, 0x00000000a8600000, 0x00000000e0000000)
  object space 137216K, 22% used [0x00000000a0000000,0x00000000a1da8be0,0x00000000a8600000)
 Metaspace       used 64311K, capacity 67084K, committed 67328K, reserved 1107968K
  class space    used 8850K, capacity 9415K, committed 9472K, reserved 1048576K
}
Event: 427.167 GC heap before
{Heap before GC invocations=17 (full 3):
 PSYoungGen      total 190976K, used 188668K [0x00000000e0000000, 0x00000000eee80000, 0x0000000100000000)
  eden space 172032K, 100% used [0x00000000e0000000,0x00000000ea800000,0x00000000ea800000)
  from space 18944K, 87% used [0x00000000ea800000,0x00000000eb83f278,0x00000000eba80000)
  to   space 20992K, 0% used [0x00000000eda00000,0x00000000eda00000,0x00000000eee80000)
 ParOldGen       total 137216K, used 30370K [0x00000000a0000000, 0x00000000a8600000, 0x00000000e0000000)
  object space 137216K, 22% used [0x00000000a0000000,0x00000000a1da8be0,0x00000000a8600000)
 Metaspace       used 72135K, capacity 75246K, committed 75392K, reserved 1114112K
  class space    used 9680K, capacity 10310K, committed 10368K, reserved 1048576K
Event: 427.199 GC heap after
Heap after GC invocations=17 (full 3):
 PSYoungGen      total 217600K, used 20984K [0x00000000e0000000, 0x00000000ef300000, 0x0000000100000000)
  eden space 196608K, 0% used [0x00000000e0000000,0x00000000e0000000,0x00000000ec000000)
  from space 20992K, 99% used [0x00000000eda00000,0x00000000eee7e050,0x00000000eee80000)
  to   space 26112K, 0% used [0x00000000ec000000,0x00000000ec000000,0x00000000ed980000)
 ParOldGen       total 137216K, used 36256K [0x00000000a0000000, 0x00000000a8600000, 0x00000000e0000000)
  object space 137216K, 26% used [0x00000000a0000000,0x00000000a2368308,0x00000000a8600000)
 Metaspace       used 72135K, capacity 75246K, committed 75392K, reserved 1114112K
  class space    used 9680K, capacity 10310K, committed 10368K, reserved 1048576K
}
Event: 431.236 GC heap before
{Heap before GC invocations=18 (full 3):
 PSYoungGen      total 217600K, used 217592K [0x00000000e0000000, 0x00000000ef300000, 0x0000000100000000)
  eden space 196608K, 100% used [0x00000000e0000000,0x00000000ec000000,0x00000000ec000000)
  from space 20992K, 99% used [0x00000000eda00000,0x00000000eee7e050,0x00000000eee80000)
  to   space 26112K, 0% used [0x00000000ec000000,0x00000000ec000000,0x00000000ed980000)
 ParOldGen       total 137216K, used 36256K [0x00000000a0000000, 0x00000000a8600000, 0x00000000e0000000)
  object space 137216K, 26% used [0x00000000a0000000,0x00000000a2368308,0x00000000a8600000)
 Metaspace       used 83415K, capacity 88408K, committed 88704K, reserved 1126400K
  class space    used 11481K, capacity 12597K, committed 12672K, reserved 1048576K
Event: 431.272 GC heap after
Heap after GC invocations=18 (full 3):
 PSYoungGen      total 222720K, used 26099K [0x00000000e0000000, 0x00000000f2100000, 0x0000000100000000)
  eden space 196608K, 0% used [0x00000000e0000000,0x00000000e0000000,0x00000000ec000000)
  from space 26112K, 99% used [0x00000000ec000000,0x00000000ed97cc60,0x00000000ed980000)
  to   space 36352K, 0% used [0x00000000efd80000,0x00000000efd80000,0x00000000f2100000)
 ParOldGen       total 137216K, used 53316K [0x00000000a0000000, 0x00000000a8600000, 0x00000000e0000000)
  object space 137216K, 38% used [0x00000000a0000000,0x00000000a3411078,0x00000000a8600000)
 Metaspace       used 83415K, capacity 88408K, committed 88704K, reserved 1126400K
  class space    used 11481K, capacity 12597K, committed 12672K, reserved 1048576K
}
Event: 432.919 GC heap before
{Heap before GC invocations=19 (full 3):
 PSYoungGen      total 222720K, used 222707K [0x00000000e0000000, 0x00000000f2100000, 0x0000000100000000)
  eden space 196608K, 100% used [0x00000000e0000000,0x00000000ec000000,0x00000000ec000000)
  from space 26112K, 99% used [0x00000000ec000000,0x00000000ed97cc60,0x00000000ed980000)
  to   space 36352K, 0% used [0x00000000efd80000,0x00000000efd80000,0x00000000f2100000)
 ParOldGen       total 137216K, used 53316K [0x00000000a0000000, 0x00000000a8600000, 0x00000000e0000000)
  object space 137216K, 38% used [0x00000000a0000000,0x00000000a3411078,0x00000000a8600000)
 Metaspace       used 85791K, capacity 91324K, committed 91520K, reserved 1128448K
  class space    used 11744K, capacity 12927K, committed 12928K, reserved 1048576K
Event: 432.980 GC heap after
Heap after GC invocations=19 (full 3):
 PSYoungGen      total 243200K, used 36350K [0x00000000e0000000, 0x00000000f4a80000, 0x0000000100000000)
  eden space 206848K, 0% used [0x00000000e0000000,0x00000000e0000000,0x00000000eca00000)
  from space 36352K, 99% used [0x00000000efd80000,0x00000000f20ffa78,0x00000000f2100000)
  to   space 52736K, 0% used [0x00000000eca00000,0x00000000eca00000,0x00000000efd80000)
 ParOldGen       total 137216K, used 80854K [0x00000000a0000000, 0x00000000a8600000, 0x00000000e0000000)
  object space 137216K, 58% used [0x00000000a0000000,0x00000000a4ef5b40,0x00000000a8600000)
 Metaspace       used 85791K, capacity 91324K, committed 91520K, reserved 1128448K
  class space    used 11744K, capacity 12927K, committed 12928K, reserved 1048576K
}

Deoptimization events (10 events):
Event: 775.152 Thread 0x000000001a331000 Uncommon trap: reason=array_check action=maybe_recompile pc=0x000000000478e414 method=java.util.TimSort.reverseRange([Ljava/lang/Object;II)V @ 27
Event: 775.328 Thread 0x000000001a331000 Uncommon trap: reason=class_check action=maybe_recompile pc=0x0000000002c6744c method=java.util.regex.Matcher.getTextLength()I @ 4
Event: 775.343 Thread 0x000000001a331000 Uncommon trap: reason=unstable_if action=reinterpret pc=0x0000000003c722c8 method=org.gradle.internal.file.DefaultFileHierarchySet$Node.contains(Ljava/lang/String;I)Z @ 55
Event: 775.343 Thread 0x000000001a331000 Uncommon trap: reason=unstable_if action=reinterpret pc=0x000000000351b120 method=org.gradle.internal.file.DefaultFileHierarchySet$Node.isChildOfOrThis(Ljava/lang/String;I)Z @ 23
Event: 775.580 Thread 0x000000001a331000 Uncommon trap: reason=unstable_if action=reinterpret pc=0x0000000004b37c34 method=org.codehaus.groovy.runtime.metaclass.MetaMethodIndex.copyNonPrivateNonNewMetaMethods(Lorg/codehaus/groovy/runtime/metaclass/MetaMethodIndex$Entry;Lorg/codehaus/groovy/runti
Event: 775.589 Thread 0x000000001a331000 Uncommon trap: reason=unstable_if action=reinterpret pc=0x0000000003774d84 method=groovy.lang.MetaClassImpl.checkIfStdMethod(Lgroovy/lang/MetaMethod;)V @ 55
Event: 775.589 Thread 0x000000001a331000 Uncommon trap: reason=unstable_if action=reinterpret pc=0x000000000378075c method=groovy.lang.MetaClassImpl.checkIfStdMethod(Lgroovy/lang/MetaMethod;)V @ 55
Event: 775.662 Thread 0x000000001a331000 Uncommon trap: reason=unstable_if action=reinterpret pc=0x0000000003afc43c method=com.google.common.collect.RegularImmutableSet.contains(Ljava/lang/Object;)Z @ 10
Event: 775.710 Thread 0x000000001a331000 Uncommon trap: reason=bimorphic action=maybe_recompile pc=0x000000000332e840 method=org.codehaus.groovy.runtime.metaclass.MetaMethodIndex.addMethodToList(Ljava/lang/Object;Lgroovy/lang/MetaMethod;)Ljava/lang/Object; @ 96
Event: 775.737 Thread 0x000000001a331000 Uncommon trap: reason=unstable_if action=reinterpret pc=0x00000000037d86d0 method=java.lang.ClassLoader.checkCerts(Ljava/lang/String;Ljava/security/CodeSource;)V @ 29

Classes redefined (0 events):
No events

Internal exceptions (10 events):
Event: 775.732 Thread 0x000000001a331000 Exception <a 'java/lang/ClassNotFoundException': org/codehaus/groovy/reflection/CachedFieldCustomizer> (0x00000000e64ba2d8) thrown at [C:\src\AOSP-openjdk-git\hotspot\src\share\vm\classfile\systemDictionary.cpp, line 210]
Event: 775.737 Thread 0x000000001a331000 Implicit null exception at 0x00000000037d7245 to 0x00000000037d86b9
Event: 775.744 Thread 0x000000001a331000 Exception <a 'java/lang/ClassNotFoundException': java/util/ArrayListBeanInfo> (0x00000000e65e01b0) thrown at [C:\src\AOSP-openjdk-git\hotspot\src\share\vm\classfile\systemDictionary.cpp, line 210]
Event: 775.744 Thread 0x000000001a331000 Exception <a 'java/lang/ClassNotFoundException': java/util/AbstractListBeanInfo> (0x00000000e65e9fd8) thrown at [C:\src\AOSP-openjdk-git\hotspot\src\share\vm\classfile\systemDictionary.cpp, line 210]
Event: 775.745 Thread 0x000000001a331000 Exception <a 'java/lang/ClassNotFoundException': java/util/AbstractListCustomizer> (0x00000000e65f4358) thrown at [C:\src\AOSP-openjdk-git\hotspot\src\share\vm\classfile\systemDictionary.cpp, line 210]
Event: 775.746 Thread 0x000000001a331000 Exception <a 'java/lang/ClassNotFoundException': java/util/ArrayListCustomizer> (0x00000000e660a678) thrown at [C:\src\AOSP-openjdk-git\hotspot\src\share\vm\classfile\systemDictionary.cpp, line 210]
Event: 775.751 Thread 0x000000001a331000 Exception <a 'java/lang/ClassNotFoundException': java/util/CollectionBeanInfo> (0x00000000e668e458) thrown at [C:\src\AOSP-openjdk-git\hotspot\src\share\vm\classfile\systemDictionary.cpp, line 210]
Event: 775.751 Thread 0x000000001a331000 Exception <a 'java/lang/ClassNotFoundException': java/util/CollectionCustomizer> (0x00000000e66981f8) thrown at [C:\src\AOSP-openjdk-git\hotspot\src\share\vm\classfile\systemDictionary.cpp, line 210]
Event: 775.807 Thread 0x000000001a331000 Exception <a 'java/lang/ClassNotFoundException': build_f2gmpfv8an2x94rijh8sjoukcBeanInfo> (0x00000000e685f3e8) thrown at [C:\src\AOSP-openjdk-git\hotspot\src\share\vm\classfile\systemDictionary.cpp, line 210]
Event: 775.807 Thread 0x000000001a331000 Exception <a 'java/lang/ClassNotFoundException': build_f2gmpfv8an2x94rijh8sjoukcCustomizer> (0x00000000e686be38) thrown at [C:\src\AOSP-openjdk-git\hotspot\src\share\vm\classfile\systemDictionary.cpp, line 210]

Events (10 events):
Event: 775.807 loading class build_f2gmpfv8an2x94rijh8sjoukcCustomizer
Event: 775.807 loading class build_f2gmpfv8an2x94rijh8sjoukcCustomizer done
Event: 775.812 loading class groovy/runtime/metaclass/build_f2gmpfv8an2x94rijh8sjoukc$_run_closure1MetaClass
Event: 775.812 loading class groovy/runtime/metaclass/build_f2gmpfv8an2x94rijh8sjoukc$_run_closure1MetaClass done
Event: 775.814 loading class groovy/runtime/metaclass/build_f2gmpfv8an2x94rijh8sjoukc$_run_closure1$_closure2MetaClass
Event: 775.814 loading class groovy/runtime/metaclass/build_f2gmpfv8an2x94rijh8sjoukc$_run_closure1$_closure2MetaClass done
Event: 775.816 loading class groovy/runtime/metaclass/build_f2gmpfv8an2x94rijh8sjoukc$_run_closure1$_closure3MetaClass
Event: 775.816 loading class groovy/runtime/metaclass/build_f2gmpfv8an2x94rijh8sjoukc$_run_closure1$_closure3MetaClass done
Event: 775.819 loading class org/codehaus/groovy/runtime/GStringImpl
Event: 775.819 loading class org/codehaus/groovy/runtime/GStringImpl done


Dynamic libraries:
0x00007ff6751a0000 - 0x00007ff6751d1000 	C:\Program Files\Android\Android Studio\jre\bin\java.exe
0x00007ffaa74c0000 - 0x00007ffaa76b0000 	C:\WINDOWS\SYSTEM32\ntdll.dll
0x00007ffaa64b0000 - 0x00007ffaa6562000 	C:\WINDOWS\System32\KERNEL32.DLL
0x00007ffaa47a0000 - 0x00007ffaa4a44000 	C:\WINDOWS\System32\KERNELBASE.dll
0x00007ffaa5b10000 - 0x00007ffaa5bb3000 	C:\WINDOWS\System32\ADVAPI32.dll
0x00007ffaa6640000 - 0x00007ffaa66de000 	C:\WINDOWS\System32\msvcrt.dll
0x00007ffaa6fe0000 - 0x00007ffaa7077000 	C:\WINDOWS\System32\sechost.dll
0x00007ffaa5f00000 - 0x00007ffaa6020000 	C:\WINDOWS\System32\RPCRT4.dll
0x00007ffaa72e0000 - 0x00007ffaa7474000 	C:\WINDOWS\System32\USER32.dll
0x00007ffaa4670000 - 0x00007ffaa4691000 	C:\WINDOWS\System32\win32u.dll
0x00007ffaa6250000 - 0x00007ffaa6276000 	C:\WINDOWS\System32\GDI32.dll
0x00007ffaa4450000 - 0x00007ffaa45e4000 	C:\WINDOWS\System32\gdi32full.dll
0x00007ffaa52e0000 - 0x00007ffaa537e000 	C:\WINDOWS\System32\msvcp_win.dll
0x00007ffaa46a0000 - 0x00007ffaa479a000 	C:\WINDOWS\System32\ucrtbase.dll
0x00007ffa90100000 - 0x00007ffa90384000 	C:\WINDOWS\WinSxS\amd64_microsoft.windows.common-controls_6595b64144ccf1df_6.0.18362.836_none_e6c4b943130f18ed\COMCTL32.dll
0x00007ffaa5bc0000 - 0x00007ffaa5ef6000 	C:\WINDOWS\System32\combase.dll
0x00007ffaa45f0000 - 0x00007ffaa4670000 	C:\WINDOWS\System32\bcryptPrimitives.dll
0x00007ffaa70a0000 - 0x00007ffaa70ce000 	C:\WINDOWS\System32\IMM32.DLL
0x000000005ea70000 - 0x000000005eb42000 	C:\Program Files\Android\Android Studio\jre\jre\bin\msvcr100.dll
0x000000005eb50000 - 0x000000005f39b000 	C:\Program Files\Android\Android Studio\jre\jre\bin\server\jvm.dll
0x00007ffaa5a40000 - 0x00007ffaa5a48000 	C:\WINDOWS\System32\PSAPI.DLL
0x00007ffa99380000 - 0x00007ffa99389000 	C:\WINDOWS\SYSTEM32\WSOCK32.dll
0x00007ffa9e300000 - 0x00007ffa9e30a000 	C:\WINDOWS\SYSTEM32\VERSION.dll
0x00007ffaa2040000 - 0x00007ffaa2064000 	C:\WINDOWS\SYSTEM32\WINMM.dll
0x00007ffaa66e0000 - 0x00007ffaa674f000 	C:\WINDOWS\System32\WS2_32.dll
0x00007ffaa1f30000 - 0x00007ffaa1f5d000 	C:\WINDOWS\SYSTEM32\winmmbase.dll
0x00007ffaa5520000 - 0x00007ffaa556a000 	C:\WINDOWS\System32\cfgmgr32.dll
0x00007ffaa2260000 - 0x00007ffaa226f000 	C:\Program Files\Android\Android Studio\jre\jre\bin\verify.dll
0x00007ffa964d0000 - 0x00007ffa964f9000 	C:\Program Files\Android\Android Studio\jre\jre\bin\java.dll
0x00007ffa9a300000 - 0x00007ffa9a316000 	C:\Program Files\Android\Android Studio\jre\jre\bin\zip.dll
0x00007ffaa6750000 - 0x00007ffaa6e34000 	C:\WINDOWS\System32\SHELL32.dll
0x00007ffaa6f30000 - 0x00007ffaa6fd9000 	C:\WINDOWS\System32\shcore.dll
0x00007ffaa4b60000 - 0x00007ffaa52de000 	C:\WINDOWS\System32\windows.storage.dll
0x00007ffaa4400000 - 0x00007ffaa4423000 	C:\WINDOWS\System32\profapi.dll
0x00007ffaa4390000 - 0x00007ffaa43da000 	C:\WINDOWS\System32\powrprof.dll
0x00007ffaa4380000 - 0x00007ffaa4390000 	C:\WINDOWS\System32\UMPDC.dll
0x00007ffaa59e0000 - 0x00007ffaa5a32000 	C:\WINDOWS\System32\shlwapi.dll
0x00007ffaa43e0000 - 0x00007ffaa43f1000 	C:\WINDOWS\System32\kernel.appcore.dll
0x00007ffaa5500000 - 0x00007ffaa5517000 	C:\WINDOWS\System32\cryptsp.dll
0x00007ffa93fe0000 - 0x00007ffa93ffa000 	C:\Program Files\Android\Android Studio\jre\jre\bin\net.dll
0x00007ffaa3b90000 - 0x00007ffaa3bf7000 	C:\WINDOWS\system32\mswsock.dll
0x00007ffa80ab0000 - 0x00007ffa80ac3000 	C:\Program Files\Android\Android Studio\jre\jre\bin\nio.dll
0x00007ffa7f4c0000 - 0x00007ffa7f4e6000 	C:\Users\dahy9\.gradle\native\30\windows-amd64\native-platform.dll
0x00007ffa9ef10000 - 0x00007ffa9ef1d000 	C:\Program Files\Android\Android Studio\jre\jre\bin\management.dll
0x00007ffaa3700000 - 0x00007ffaa3733000 	C:\WINDOWS\system32\rsaenh.dll
0x00007ffaa5380000 - 0x00007ffaa53a6000 	C:\WINDOWS\System32\bcrypt.dll
0x00007ffaa42a0000 - 0x00007ffaa42c5000 	C:\WINDOWS\SYSTEM32\USERENV.dll
0x00007ffaa3d60000 - 0x00007ffaa3d6c000 	C:\WINDOWS\SYSTEM32\CRYPTBASE.dll
0x00007ffaa38a0000 - 0x00007ffaa38da000 	C:\WINDOWS\SYSTEM32\IPHLPAPI.DLL
0x00007ffaa6030000 - 0x00007ffaa6038000 	C:\WINDOWS\System32\NSI.dll
0x00007ffaa0940000 - 0x00007ffaa0956000 	C:\WINDOWS\SYSTEM32\dhcpcsvc6.DLL
0x00007ffaa0920000 - 0x00007ffaa093c000 	C:\WINDOWS\SYSTEM32\dhcpcsvc.DLL
0x00007ffaa38e0000 - 0x00007ffaa39ab000 	C:\WINDOWS\SYSTEM32\DNSAPI.dll

VM Arguments:
jvm_args: -Xmx1536m -Dfile.encoding=windows-1251 -Duser.country=RU -Duser.language=ru -Duser.variant 
java_command: org.gradle.launcher.daemon.bootstrap.GradleDaemon 5.6.4
java_class_path (initial): C:\Users\dahy9\.gradle\wrapper\dists\gradle-5.6.4-all\ankdp27end7byghfw1q2sw75f\gradle-5.6.4\lib\gradle-launcher-5.6.4.jar
Launcher Type: SUN_STANDARD

Environment Variables:
PATH=G:\oracledb\product\12.2.0\dbhome_1\bin;C:\Program Files (x86)\Common Files\Oracle\Java\javapath;F:\WinAvr\bin;F:\WinAvr\utils\bin;C:\Program Files\Microsoft MPI\Bin\;C:\WINDOWS\system32;C:\WINDOWS;C:\WINDOWS\System32\Wbem;C:\WINDOWS\System32\WindowsPowerShell\v1.0\;C:\WINDOWS\System32\OpenSSH\;C:\Program Files (x86)\Microsoft SQL Server\140\Tools\Binn\;C:\Program Files\Microsoft SQL Server\140\Tools\Binn\;C:\Program Files (x86)\Microsoft SQL Server\140\DTS\Binn\;C:\Program Files\Microsoft SQL Server\140\DTS\Binn\;C:\Program Files\Microsoft SQL Server\Client SDK\ODBC\130\Tools\Binn\;C:\xampp\php\;C:\ProgramData\ComposerSetup\bin;C:\Program Files\Git\cmd;G:\golang\bin;C:\Program Files (x86)\Microsoft SQL Server\150\DTS\Binn\;C:\Users\dahy9\AppData\Local\Microsoft\WindowsApps;C:\xampp\php;C:\Users\dahy9\AppData\Roaming\Composer\vendor\bin;C:\Users\dahy9\AppData\Local\GitHubDesktop\bin;C:\Users\dahy9\go\bin;G:\GoLand 2019.3.2\bin;;C:\Users\dahy9\AppData\Local\Microsoft\WindowsApps;
USERNAME=dahy9
OS=Windows_NT
PROCESSOR_IDENTIFIER=Intel64 Family 6 Model 142 Stepping 10, GenuineIntel



---------------  S Y S T E M  ---------------

OS: Windows 10.0 , 64 bit Build 18362 (10.0.18362.778)

CPU:total 8 (initial active 8) (4 cores per cpu, 2 threads per core) family 6 model 142 stepping 10, cmov, cx8, fxsr, mmx, sse, sse2, sse3, ssse3, sse4.1, sse4.2, popcnt, avx, avx2, aes, clmul, erms, 3dnowpref, lzcnt, ht, tsc, tscinvbit, bmi1, bmi2, adx

Memory: 4k page, physical 8272100k(441344k free), swap 13392100k(876k free)

vm_info: OpenJDK 64-Bit Server VM (25.242-b01) for windows-amd64 JRE (1.8.0_242-release-1644-b01), built by "builder" with MS VC++ 10.0 (VS2010)

time: Fri Jun 05 09:23:15 2020
timezone: RTZ 4 (зима)
elapsed time: 775 seconds (0d 0h 12m 55s)

